message Titus Matthew 1
Matthew 1
Mark @
Luke @
John @
Timothy @
Titus 1

message Mark Timothy 2
Matthew 1
Mark 2
Luke @
John @
Timothy 2
Titus 1

message Luke Matthew 3
Matthew 1,3
Mark 2
Luke 3
John @
Timothy 2
Titus 1

message Matthew Titus 4
Matthew 1,3,4
Mark 2
Luke 3
John @
Timothy 2
Titus 1,4

message Titus Matthew 5
Matthew 1,3,4,5
Mark 2
Luke 3
John @
Timothy 2
Titus 1,4,5

message Titus Matthew 6
Matthew 1,3,4,5,6
Mark 2
Luke 3
John @
Timothy 2
Titus 1,4,5,6

message Titus Matthew 7
Matthew 1,3,4,5,6,7
Mark 2
Luke 3
John @
Timothy 2
Titus 1,4,5,6,7

message Titus Matthew 8
Matthew 1,3,4,5,6,7,8
Mark 2
Luke 3
John @
Timothy 2
Titus 1,4,5,6,7,8

message Titus Matthew 9
Matthew 1,3,4,5,6,7,8,9
Mark 2
Luke 3
John @
Timothy 2
Titus 1,4,5,6,7,8,9

message Matthew Luke 10
Matthew 1,3,4,5,6,7,8,9,10
Mark 2
Luke 3,10
John @
Timothy 2
Titus 1,4,5,6,7,8,9

message Matthew Luke 11
Matthew 1,3,4,5,6,7,8,9,10,11
Mark 2
Luke 3,10,11
John @
Timothy 2
Titus 1,4,5,6,7,8,9

message Matthew Luke 12
Matthew 3,4,5,6,7,8,9,10,11,12
Mark 2
Luke 3,10,11,12
John @
Timothy 2
Titus 1,4,5,6,7,8,9

message Matthew Luke 13
Matthew 4,5,6,7,8,9,10,11,12,13
Mark 2
Luke 3,10,11,12,13
John @
Timothy 2
Titus 1,4,5,6,7,8,9

message Matthew Luke 14
Matthew 5,6,7,8,9,10,11,12,13,14
Mark 2
Luke 3,10,11,12,13,14
John @
Timothy 2
Titus 1,4,5,6,7,8,9

message Matthew Luke 15
Matthew 6,7,8,9,10,11,12,13,14,15
Mark 2
Luke 3,10,11,12,13,14,15
John @
Timothy 2
Titus 1,4,5,6,7,8,9

message Matthew Luke 16
Matthew 7,8,9,10,11,12,13,14,15,16
Mark 2
Luke 3,10,11,12,13,14,15,16
John @
Timothy 2
Titus 1,4,5,6,7,8,9

message Matthew Luke 17
Matthew 8,9,10,11,12,13,14,15,16,17
Mark 2
Luke 3,10,11,12,13,14,15,16,17
John @
Timothy 2
Titus 1,4,5,6,7,8,9

message Timothy Mark 18
Matthew 8,9,10,11,12,13,14,15,16,17
Mark 2,18
Luke 3,10,11,12,13,14,15,16,17
John @
Timothy 2,18
Titus 1,4,5,6,7,8,9

reply Mark Timothy 19 18
Matthew 8,9,10,11,12,13,14,15,16,17
Mark 2,18,19
Luke 3,10,11,12,13,14,15,16,17
John @
Timothy 2,18,19
Titus 1,4,5,6,7,8,9

reply Timothy Mark 20 19
Matthew 8,9,10,11,12,13,14,15,16,17
Mark 2,18,19,20
Luke 3,10,11,12,13,14,15,16,17
John @
Timothy 2,18,19,20
Titus 1,4,5,6,7,8,9

reply Luke Matthew 21 15
Matthew 9,10,11,12,13,14,16,17,15,21
Mark 2,18,19,20
Luke 3,10,11,12,13,14,16,17,15,21
John @
Timothy 2,18,19,20
Titus 1,4,5,6,7,8,9

reply Matthew Titus 22 9
Matthew 11,12,13,14,16,17,15,21,9,22
Mark 2,18,19,20
Luke 3,10,11,12,13,14,16,17,15,21
John @
Timothy 2,18,19,20
Titus 1,4,5,6,7,8,9,22

reply Titus Matthew 23 22
Matthew 12,13,14,16,17,15,21,9,22,23
Mark 2,18,19,20
Luke 3,10,11,12,13,14,16,17,15,21
John @
Timothy 2,18,19,20
Titus 1,4,5,6,7,8,9,22,23

message Timothy Mark 24
Matthew 12,13,14,16,17,15,21,9,22,23
Mark 2,18,19,20,24
Luke 3,10,11,12,13,14,16,17,15,21
John @
Timothy 2,18,19,20,24
Titus 1,4,5,6,7,8,9,22,23

reply Luke Matthew 25 13
Matthew 14,16,17,15,21,9,22,23,13,25
Mark 2,18,19,20,24
Luke 10,11,12,14,16,17,15,21,13,25
John @
Timothy 2,18,19,20,24
Titus 1,4,5,6,7,8,9,22,23

message Mark Timothy 26
Matthew 14,16,17,15,21,9,22,23,13,25
Mark 2,18,19,20,24,26
Luke 10,11,12,14,16,17,15,21,13,25
John @
Timothy 2,18,19,20,24,26
Titus 1,4,5,6,7,8,9,22,23

