message John Mark 1
John 1
Mark 1

message John Mark 2
John 1,2
Mark 1,2

message John Mark 3
John 1,2,3
Mark 1,2,3

message John Mark 4
John 1,2,3,4
Mark 1,2,3,4

message John Mark 5
John 1,2,3,4,5
Mark 1,2,3,4,5

reply Mark John 6 2
John 1,3,4,5,2,6
Mark 1,3,4,5,2,6

reply Mark John 7 5
John 1,3,4,2,6,5,7
Mark 1,3,4,2,6,5,7

message Mark John 8
John 1,3,4,2,6,5,7,8
Mark 1,3,4,2,6,5,7,8

message John Mark 9
John 1,3,4,2,6,5,7,8,9
Mark 1,3,4,2,6,5,7,8,9

reply Mark John 10 2
John 1,3,4,6,5,7,8,9,2,10
Mark 1,3,4,6,5,7,8,9,2,10

reply Mark John 11 1
John 4,6,5,7,8,9,2,10,1,11
Mark 4,6,5,7,8,9,2,10,1,11

reply Mark John 12 1
John 6,5,7,8,9,2,10,11,1,12
Mark 6,5,7,8,9,2,10,11,1,12

