message Kathy Ethan 1
Kathy 1
Ethan 1

message Kathy Ethan 2
Kathy 1,2
Ethan 1,2

message Kathy Ethan 3
Kathy 1,2,3
Ethan 1,2,3

message Kathy Ethan 4
Kathy 1,2,3,4
Ethan 1,2,3,4

message Kathy Ethan 5
Kathy 1,2,3,4,5
Ethan 1,2,3,4,5

message Kathy Ethan 6
Kathy 1,2,3,4,5,6
Ethan 1,2,3,4,5,6

message Kathy Ethan 7
Kathy 1,2,3,4,5,6,7
Ethan 1,2,3,4,5,6,7

message Kathy Ethan 8
Kathy 1,2,3,4,5,6,7,8
Ethan 1,2,3,4,5,6,7,8

message Ethan Kathy 19
Kathy 1,2,3,4,5,6,7,8,19
Ethan 1,2,3,4,5,6,7,8,19

message Ethan Kathy 100
Kathy 1,2,3,4,5,6,7,8,19,100
Ethan 1,2,3,4,5,6,7,8,19,100

message Kathy Ethan 21
Kathy 2,3,4,5,6,7,8,19,100,21
Ethan 2,3,4,5,6,7,8,19,100,21

message Kathy Ethan 22
Kathy 3,4,5,6,7,8,19,100,21,22
Ethan 3,4,5,6,7,8,19,100,21,22

message Kathy Ethan 23
Kathy 4,5,6,7,8,19,100,21,22,23
Ethan 4,5,6,7,8,19,100,21,22,23

